{
  "RSpec": {
    "coverage": {
      "/Users/rubykobayashi/Projects/Post9/parser/spec/parser_feature_spec.rb": [
        null,
        null,
        null,
        null,
        1,
        null,
        null,
        null,
        null,
        null,
        1,
        1,
        1,
        1,
        1,
        2,
        null,
        null,
        null,
        null,
        null,
        null,
        1,
        1,
        1,
        2,
        null,
        null,
        null,
        null,
        null,
        1,
        1,
        2,
        null,
        null,
        null
      ],
      "/Users/rubykobayashi/Projects/Post9/parser/lib/parser.rb": [
        null,
        null,
        null,
        1,
        1,
        6,
        6,
        6,
        null,
        null,
        1,
        6,
        6,
        4,
        4,
        4,
        4,
        null,
        null,
        1,
        null,
        1,
        6,
        null,
        null,
        1,
        6,
        null,
        null,
        1,
        4,
        36,
        36,
        36,
        null,
        null,
        null,
        1,
        4,
        36,
        null,
        null,
        null,
        1,
        28,
        null,
        null,
        1,
        4,
        24,
        16,
        null,
        8,
        null,
        null,
        null,
        null
      ],
      "/Users/rubykobayashi/Projects/Post9/parser/spec/parser_spec.rb": [
        null,
        null,
        1,
        null,
        null,
        null,
        null,
        1,
        1,
        2,
        null,
        1,
        2,
        null,
        null,
        null,
        null,
        null,
        null,
        null,
        null,
        null,
        2,
        null,
        1,
        1,
        1,
        1,
        2,
        1,
        null,
        null,
        1,
        1,
        1,
        2,
        null,
        null,
        1,
        1,
        1,
        2,
        null,
        null,
        null
      ]
    },
    "timestamp": 1560021051
  }
}
